2021-12-20 07:59:38.276+0000 [id=1]	INFO	org.eclipse.jetty.util.log.Log#initialized: Logging initialized @620ms to org.eclipse.jetty.util.log.JavaUtilLog
2021-12-20 07:59:38.352+0000 [id=1]	INFO	winstone.Logger#logInternal: Beginning extraction from war file
2021-12-20 07:59:40.272+0000 [id=1]	WARNING	o.e.j.s.handler.ContextHandler#setContextPath: Empty contextPath
2021-12-20 07:59:40.372+0000 [id=1]	INFO	org.eclipse.jetty.server.Server#doStart: jetty-9.4.43.v20210629; built: 2021-06-30T11:07:22.254Z; git: 526006ecfa3af7f1a27ef3a288e2bef7ea9dd7e8; jvm 1.8.0_181-b13
2021-12-20 07:59:43.180+0000 [id=1]	INFO	o.e.j.w.StandardDescriptorProcessor#visitServlet: NO JSP Support for /, did not find org.eclipse.jetty.jsp.JettyJspServlet
2021-12-20 07:59:43.211+0000 [id=1]	INFO	o.e.j.s.s.DefaultSessionIdManager#doStart: DefaultSessionIdManager workerName=node0
2021-12-20 07:59:43.227+0000 [id=1]	INFO	o.e.j.s.s.DefaultSessionIdManager#doStart: No SessionScavenger set, using defaults
2021-12-20 07:59:43.227+0000 [id=1]	INFO	o.e.j.server.session.HouseKeeper#startScavenging: node0 Scavenging every 600000ms
2021-12-20 07:59:43.646+0000 [id=1]	INFO	hudson.WebAppMain#contextInitialized: Jenkins home directory: C:\WINDOWS\system32\config\systemprofile\AppData\Local\Jenkins\.jenkins found at: EnvVars.masterEnvVars.get("JENKINS_HOME")
2021-12-20 07:59:43.772+0000 [id=1]	INFO	o.e.j.s.handler.ContextHandler#doStart: Started w.@48e64352{Jenkins v2.303.2,/,file:///C:/Windows/System32/config/systemprofile/AppData/Local/Jenkins/war/,AVAILABLE}{C:\WINDOWS\system32\config\systemprofile\AppData\Local\Jenkins\war}
2021-12-20 07:59:43.803+0000 [id=1]	INFO	o.e.j.server.AbstractConnector#doStart: Started ServerConnector@782859e{HTTP/1.1, (http/1.1)}{0.0.0.0:8080}
2021-12-20 07:59:43.803+0000 [id=1]	INFO	org.eclipse.jetty.server.Server#doStart: Started @6162ms
2021-12-20 07:59:43.803+0000 [id=23]	INFO	winstone.Logger#logInternal: Winstone Servlet Engine running: controlPort=disabled
2021-12-20 07:59:44.711+0000 [id=30]	INFO	jenkins.InitReactorRunner$1#onAttained: Started initialization
2021-12-20 07:59:44.750+0000 [id=50]	INFO	jenkins.InitReactorRunner$1#onAttained: Listed all plugins
2021-12-20 07:59:45.625+0000 [id=42]	INFO	jenkins.InitReactorRunner$1#onAttained: Prepared all plugins
2021-12-20 07:59:45.640+0000 [id=43]	INFO	jenkins.InitReactorRunner$1#onAttained: Started all plugins
2021-12-20 07:59:45.640+0000 [id=45]	INFO	jenkins.InitReactorRunner$1#onAttained: Augmented all extensions
2021-12-20 07:59:46.502+0000 [id=45]	INFO	jenkins.InitReactorRunner$1#onAttained: System config loaded
2021-12-20 07:59:46.502+0000 [id=45]	INFO	jenkins.InitReactorRunner$1#onAttained: System config adapted
2021-12-20 07:59:46.502+0000 [id=45]	INFO	jenkins.InitReactorRunner$1#onAttained: Loaded all jobs
2021-12-20 07:59:46.502+0000 [id=45]	INFO	jenkins.InitReactorRunner$1#onAttained: Configuration for all jobs updated
2021-12-20 07:59:46.518+0000 [id=64]	INFO	hudson.model.AsyncPeriodicWork#lambda$doRun$0: Started Download metadata
2021-12-20 07:59:46.518+0000 [id=64]	INFO	hudson.util.Retrier#start: Attempt #1 to do the action check updates server
2021-12-20 07:59:46.765+0000 [id=40]	INFO	jenkins.install.SetupWizard#init: 

*************************************************************
*************************************************************
*************************************************************

Jenkins initial setup is required. An admin user has been created and a password generated.
Please use the following password to proceed to installation:

8e2cd2f1b0cc45ee8b3b733db6cf50e2

This may also be found at: C:\WINDOWS\system32\config\systemprofile\AppData\Local\Jenkins\.jenkins\secrets\initialAdminPassword

*************************************************************
*************************************************************
*************************************************************

2021-12-20 08:00:04.772+0000 [id=40]	INFO	jenkins.InitReactorRunner$1#onAttained: Completed initialization
2021-12-20 08:00:04.787+0000 [id=22]	INFO	hudson.WebAppMain$3#run: Jenkins is fully up and running
2021-12-20 08:00:05.157+0000 [id=64]	INFO	h.m.DownloadService$Downloadable#load: Obtained the updated data file for hudson.tasks.Maven.MavenInstaller
2021-12-20 08:00:05.157+0000 [id=64]	INFO	hudson.util.Retrier#start: Performed the action check updates server successfully at the attempt #1
2021-12-20 08:00:05.157+0000 [id=64]	INFO	hudson.model.AsyncPeriodicWork#lambda$doRun$0: Finished Download metadata. 18 639 ms
2021-12-20 08:03:38.578+0000 [id=18]	INFO	hudson.PluginManager#install: Starting installation of a batch of 19 plugins plus their dependencies
2021-12-20 08:03:38.578+0000 [id=18]	INFO	hudson.model.UpdateSite$Plugin#deploy: Adding dependent install of sshd for plugin cloudbees-folder
2021-12-20 08:03:38.578+0000 [id=97]	INFO	h.model.UpdateCenter$DownloadJob#run: Starting the installation of sshd on behalf of admin
2021-12-20 08:03:38.578+0000 [id=18]	INFO	hudson.model.UpdateSite$Plugin#deploy: Adding dependent install of token-macro for plugin build-timeout
2021-12-20 08:03:38.578+0000 [id=18]	INFO	hudson.model.UpdateSite$Plugin#deploy: Adding dependent install of structs for plugin token-macro
2021-12-20 08:03:38.578+0000 [id=18]	INFO	hudson.model.UpdateSite$Plugin#deploy: Adding dependent install of workflow-step-api for plugin token-macro
2021-12-20 08:03:38.578+0000 [id=18]	INFO	hudson.model.UpdateSite$Plugin#deploy: Adding dependent install of plain-credentials for plugin credentials-binding
2021-12-20 08:03:38.578+0000 [id=18]	INFO	hudson.model.UpdateSite$Plugin#deploy: Adding dependent install of trilead-api for plugin plain-credentials
2021-12-20 08:03:38.578+0000 [id=18]	INFO	hudson.model.UpdateSite$Plugin#deploy: Adding dependent install of credentials for plugin plain-credentials
2021-12-20 08:03:38.578+0000 [id=18]	INFO	hudson.model.UpdateSite$Plugin#deploy: Adding dependent install of ssh-credentials for plugin credentials-binding
2021-12-20 08:03:38.578+0000 [id=18]	INFO	hudson.model.UpdateSite$Plugin#deploy: Adding dependent install of workflow-api for plugin timestamper
2021-12-20 08:03:38.578+0000 [id=18]	INFO	hudson.model.UpdateSite$Plugin#deploy: Adding dependent install of scm-api for plugin workflow-api
2021-12-20 08:03:38.578+0000 [id=18]	INFO	hudson.model.UpdateSite$Plugin#deploy: Adding dependent install of matrix-project for plugin ws-cleanup
2021-12-20 08:03:38.578+0000 [id=18]	INFO	hudson.model.UpdateSite$Plugin#deploy: Adding dependent install of script-security for plugin matrix-project
2021-12-20 08:03:38.578+0000 [id=18]	INFO	hudson.model.UpdateSite$Plugin#deploy: Adding dependent install of caffeine-api for plugin script-security
2021-12-20 08:03:38.578+0000 [id=18]	INFO	hudson.model.UpdateSite$Plugin#deploy: Adding dependent install of junit for plugin matrix-project
2021-12-20 08:03:38.578+0000 [id=18]	INFO	hudson.model.UpdateSite$Plugin#deploy: Adding dependent install of bootstrap4-api for plugin junit
2021-12-20 08:03:38.578+0000 [id=18]	INFO	hudson.model.UpdateSite$Plugin#deploy: Adding dependent install of font-awesome-api for plugin bootstrap4-api
2021-12-20 08:03:38.578+0000 [id=18]	INFO	hudson.model.UpdateSite$Plugin#deploy: Adding dependent install of plugin-util-api for plugin font-awesome-api
2021-12-20 08:03:38.578+0000 [id=18]	INFO	hudson.model.UpdateSite$Plugin#deploy: Adding dependent install of popper-api for plugin bootstrap4-api
2021-12-20 08:03:38.578+0000 [id=18]	INFO	hudson.model.UpdateSite$Plugin#deploy: Adding dependent install of jquery3-api for plugin bootstrap4-api
2021-12-20 08:03:38.578+0000 [id=18]	INFO	hudson.model.UpdateSite$Plugin#deploy: Adding dependent install of jackson2-api for plugin junit
2021-12-20 08:03:38.578+0000 [id=18]	INFO	hudson.model.UpdateSite$Plugin#deploy: Adding dependent install of snakeyaml-api for plugin jackson2-api
2021-12-20 08:03:38.578+0000 [id=18]	INFO	hudson.model.UpdateSite$Plugin#deploy: Adding dependent install of echarts-api for plugin junit
2021-12-20 08:03:38.578+0000 [id=18]	INFO	hudson.model.UpdateSite$Plugin#deploy: Adding dependent install of bootstrap5-api for plugin echarts-api
2021-12-20 08:03:38.578+0000 [id=18]	INFO	hudson.model.UpdateSite$Plugin#deploy: Adding dependent install of popper2-api for plugin bootstrap5-api
2021-12-20 08:03:38.578+0000 [id=18]	INFO	hudson.model.UpdateSite$Plugin#deploy: Adding dependent install of display-url-api for plugin junit
2021-12-20 08:03:38.578+0000 [id=18]	INFO	hudson.model.UpdateSite$Plugin#deploy: Adding dependent install of checks-api for plugin junit
2021-12-20 08:03:38.578+0000 [id=18]	INFO	hudson.model.UpdateSite$Plugin#deploy: Adding dependent install of workflow-support for plugin checks-api
2021-12-20 08:03:38.578+0000 [id=18]	INFO	hudson.model.UpdateSite$Plugin#deploy: Adding dependent install of resource-disposer for plugin ws-cleanup
2021-12-20 08:03:38.578+0000 [id=18]	INFO	hudson.model.UpdateSite$Plugin#deploy: Adding dependent install of workflow-durable-task-step for plugin gradle
2021-12-20 08:03:38.578+0000 [id=18]	INFO	hudson.model.UpdateSite$Plugin#deploy: Adding dependent install of durable-task for plugin workflow-durable-task-step
2021-12-20 08:03:38.578+0000 [id=18]	INFO	hudson.model.UpdateSite$Plugin#deploy: Adding dependent install of workflow-cps for plugin gradle
2021-12-20 08:03:38.578+0000 [id=18]	INFO	hudson.model.UpdateSite$Plugin#deploy: Adding dependent install of ace-editor for plugin workflow-cps
2021-12-20 08:03:38.578+0000 [id=18]	INFO	hudson.model.UpdateSite$Plugin#deploy: Adding dependent install of command-launcher for plugin ace-editor
2021-12-20 08:03:38.578+0000 [id=18]	INFO	hudson.model.UpdateSite$Plugin#deploy: Adding dependent install of jdk-tool for plugin ace-editor
2021-12-20 08:03:38.578+0000 [id=18]	INFO	hudson.model.UpdateSite$Plugin#deploy: Adding dependent install of bouncycastle-api for plugin ace-editor
2021-12-20 08:03:38.578+0000 [id=18]	INFO	hudson.model.UpdateSite$Plugin#deploy: Adding dependent install of workflow-scm-step for plugin workflow-cps
2021-12-20 08:03:38.578+0000 [id=18]	INFO	hudson.model.UpdateSite$Plugin#deploy: Adding dependent install of workflow-job for plugin gradle
2021-12-20 08:03:38.578+0000 [id=18]	INFO	hudson.model.UpdateSite$Plugin#deploy: Adding dependent install of workflow-basic-steps for plugin gradle
2021-12-20 08:03:38.578+0000 [id=18]	INFO	hudson.model.UpdateSite$Plugin#deploy: Adding dependent install of apache-httpcomponents-client-4-api for plugin workflow-basic-steps
2021-12-20 08:03:38.578+0000 [id=18]	INFO	hudson.model.UpdateSite$Plugin#deploy: Adding dependent install of mailer for plugin workflow-basic-steps
2021-12-20 08:03:38.594+0000 [id=18]	INFO	hudson.model.UpdateSite$Plugin#deploy: Adding dependent install of pipeline-milestone-step for plugin workflow-aggregator
2021-12-20 08:03:38.594+0000 [id=18]	INFO	hudson.model.UpdateSite$Plugin#deploy: Adding dependent install of pipeline-stage-view for plugin workflow-aggregator
2021-12-20 08:03:38.594+0000 [id=18]	INFO	hudson.model.UpdateSite$Plugin#deploy: Adding dependent install of pipeline-rest-api for plugin pipeline-stage-view
2021-12-20 08:03:38.594+0000 [id=18]	INFO	hudson.model.UpdateSite$Plugin#deploy: Adding dependent install of pipeline-graph-analysis for plugin pipeline-rest-api
2021-12-20 08:03:38.594+0000 [id=18]	INFO	hudson.model.UpdateSite$Plugin#deploy: Adding dependent install of pipeline-input-step for plugin pipeline-graph-analysis
2021-12-20 08:03:38.594+0000 [id=18]	INFO	hudson.model.UpdateSite$Plugin#deploy: Adding dependent install of pipeline-stage-step for plugin pipeline-graph-analysis
2021-12-20 08:03:38.594+0000 [id=18]	INFO	hudson.model.UpdateSite$Plugin#deploy: Adding dependent install of handlebars for plugin pipeline-stage-view
2021-12-20 08:03:38.594+0000 [id=18]	INFO	hudson.model.UpdateSite$Plugin#deploy: Adding dependent install of momentjs for plugin pipeline-stage-view
2021-12-20 08:03:38.594+0000 [id=18]	INFO	hudson.model.UpdateSite$Plugin#deploy: Adding dependent install of pipeline-build-step for plugin workflow-aggregator
2021-12-20 08:03:38.594+0000 [id=18]	INFO	hudson.model.UpdateSite$Plugin#deploy: Adding dependent install of pipeline-model-definition for plugin workflow-aggregator
2021-12-20 08:03:38.594+0000 [id=18]	INFO	hudson.model.UpdateSite$Plugin#deploy: Adding dependent install of pipeline-model-extensions for plugin pipeline-model-definition
2021-12-20 08:03:38.594+0000 [id=18]	INFO	hudson.model.UpdateSite$Plugin#deploy: Adding dependent install of pipeline-model-api for plugin pipeline-model-extensions
2021-12-20 08:03:38.594+0000 [id=18]	INFO	hudson.model.UpdateSite$Plugin#deploy: Adding dependent install of workflow-cps-global-lib for plugin pipeline-model-definition
2021-12-20 08:03:38.594+0000 [id=18]	INFO	hudson.model.UpdateSite$Plugin#deploy: Adding dependent install of git-server for plugin workflow-cps-global-lib
2021-12-20 08:03:38.594+0000 [id=18]	INFO	hudson.model.UpdateSite$Plugin#deploy: Adding dependent install of git-client for plugin git-server
2021-12-20 08:03:38.594+0000 [id=18]	INFO	hudson.model.UpdateSite$Plugin#deploy: Adding dependent install of jsch for plugin git-client
2021-12-20 08:03:38.594+0000 [id=18]	INFO	hudson.model.UpdateSite$Plugin#deploy: Adding dependent install of workflow-multibranch for plugin pipeline-model-definition
2021-12-20 08:03:38.594+0000 [id=18]	INFO	hudson.model.UpdateSite$Plugin#deploy: Adding dependent install of branch-api for plugin workflow-multibranch
2021-12-20 08:03:38.594+0000 [id=18]	INFO	hudson.model.UpdateSite$Plugin#deploy: Adding dependent install of pipeline-stage-tags-metadata for plugin pipeline-model-definition
2021-12-20 08:03:38.594+0000 [id=18]	INFO	hudson.model.UpdateSite$Plugin#deploy: Adding dependent install of lockable-resources for plugin workflow-aggregator
2021-12-20 08:03:38.594+0000 [id=18]	INFO	hudson.model.UpdateSite$Plugin#deploy: Adding dependent install of jjwt-api for plugin github-branch-source
2021-12-20 08:03:38.594+0000 [id=18]	INFO	hudson.model.UpdateSite$Plugin#deploy: Adding dependent install of github-api for plugin github-branch-source
2021-12-20 08:03:38.594+0000 [id=18]	INFO	hudson.model.UpdateSite$Plugin#deploy: Adding dependent install of okhttp-api for plugin github-api
2021-12-20 08:03:38.594+0000 [id=18]	INFO	hudson.model.UpdateSite$Plugin#deploy: Adding dependent install of github for plugin github-branch-source
2021-12-20 08:03:38.594+0000 [id=18]	INFO	hudson.model.UpdateSite$Plugin#deploy: Adding dependent install of git for plugin github
2021-12-20 08:03:39.545+0000 [id=97]	INFO	h.m.UpdateCenter$UpdateCenterConfiguration#download: Downloading sshd
2021-12-20 08:03:40.593+0000 [id=97]	INFO	h.model.UpdateCenter$DownloadJob#run: Installation successful: sshd
2021-12-20 08:03:40.593+0000 [id=97]	INFO	h.model.UpdateCenter$DownloadJob#run: Starting the installation of cloudbees-folder on behalf of admin
2021-12-20 08:03:41.592+0000 [id=97]	INFO	h.m.UpdateCenter$UpdateCenterConfiguration#download: Downloading cloudbees-folder
2021-12-20 08:03:41.830+0000 [id=97]	INFO	h.model.UpdateCenter$DownloadJob#run: Installation successful: cloudbees-folder
2021-12-20 08:03:41.830+0000 [id=97]	INFO	h.model.UpdateCenter$DownloadJob#run: Starting the installation of antisamy-markup-formatter on behalf of admin
2021-12-20 08:03:42.510+0000 [id=97]	INFO	h.m.UpdateCenter$UpdateCenterConfiguration#download: Downloading antisamy-markup-formatter
2021-12-20 08:03:43.096+0000 [id=97]	INFO	h.model.UpdateCenter$DownloadJob#run: Installation successful: antisamy-markup-formatter
2021-12-20 08:03:43.096+0000 [id=97]	INFO	h.model.UpdateCenter$DownloadJob#run: Starting the installation of structs on behalf of admin
2021-12-20 08:03:43.894+0000 [id=97]	INFO	h.m.UpdateCenter$UpdateCenterConfiguration#download: Downloading structs
2021-12-20 08:03:43.932+0000 [id=97]	INFO	h.model.UpdateCenter$DownloadJob#run: Installation successful: structs
2021-12-20 08:03:43.932+0000 [id=97]	INFO	h.model.UpdateCenter$DownloadJob#run: Starting the installation of workflow-step-api on behalf of admin
2021-12-20 08:03:44.695+0000 [id=97]	INFO	h.m.UpdateCenter$UpdateCenterConfiguration#download: Downloading workflow-step-api
2021-12-20 08:03:44.811+0000 [id=97]	INFO	h.model.UpdateCenter$DownloadJob#run: Installation successful: workflow-step-api
2021-12-20 08:03:44.811+0000 [id=97]	INFO	h.model.UpdateCenter$DownloadJob#run: Starting the installation of token-macro on behalf of admin
2021-12-20 08:03:45.451+0000 [id=97]	INFO	h.m.UpdateCenter$UpdateCenterConfiguration#download: Downloading token-macro
2021-12-20 08:03:45.783+0000 [id=97]	INFO	h.model.UpdateCenter$DownloadJob#run: Installation successful: token-macro
2021-12-20 08:03:45.783+0000 [id=97]	INFO	h.model.UpdateCenter$DownloadJob#run: Starting the installation of build-timeout on behalf of admin
2021-12-20 08:03:46.571+0000 [id=97]	INFO	h.m.UpdateCenter$UpdateCenterConfiguration#download: Downloading build-timeout
2021-12-20 08:03:46.738+0000 [id=97]	INFO	h.model.UpdateCenter$DownloadJob#run: Installation successful: build-timeout
2021-12-20 08:03:46.738+0000 [id=97]	INFO	h.model.UpdateCenter$DownloadJob#run: Starting the installation of trilead-api on behalf of admin
2021-12-20 08:03:47.503+0000 [id=97]	INFO	h.m.UpdateCenter$UpdateCenterConfiguration#download: Downloading trilead-api
2021-12-20 08:03:48.628+0000 [id=97]	INFO	h.model.UpdateCenter$DownloadJob#run: Installation successful: trilead-api
2021-12-20 08:03:48.628+0000 [id=97]	INFO	h.model.UpdateCenter$DownloadJob#run: Starting the installation of credentials on behalf of admin
2021-12-20 08:03:49.476+0000 [id=97]	INFO	h.m.UpdateCenter$UpdateCenterConfiguration#download: Downloading credentials
2021-12-20 08:03:49.962+0000 [id=97]	INFO	h.model.UpdateCenter$DownloadJob#run: Installation successful: credentials
2021-12-20 08:03:49.978+0000 [id=97]	INFO	h.model.UpdateCenter$DownloadJob#run: Starting the installation of plain-credentials on behalf of admin
2021-12-20 08:03:50.648+0000 [id=97]	INFO	h.m.UpdateCenter$UpdateCenterConfiguration#download: Downloading plain-credentials
2021-12-20 08:03:50.695+0000 [id=97]	INFO	h.model.UpdateCenter$DownloadJob#run: Installation successful: plain-credentials
2021-12-20 08:03:50.695+0000 [id=97]	INFO	h.model.UpdateCenter$DownloadJob#run: Starting the installation of ssh-credentials on behalf of admin
2021-12-20 08:03:51.766+0000 [id=97]	INFO	h.m.UpdateCenter$UpdateCenterConfiguration#download: Downloading ssh-credentials
2021-12-20 08:03:51.882+0000 [id=97]	INFO	h.model.UpdateCenter$DownloadJob#run: Installation successful: ssh-credentials
2021-12-20 08:03:51.882+0000 [id=97]	INFO	h.model.UpdateCenter$DownloadJob#run: Starting the installation of credentials-binding on behalf of admin
2021-12-20 08:03:52.669+0000 [id=97]	INFO	h.m.UpdateCenter$UpdateCenterConfiguration#download: Downloading credentials-binding
2021-12-20 08:03:52.800+0000 [id=97]	INFO	h.model.UpdateCenter$DownloadJob#run: Installation successful: credentials-binding
2021-12-20 08:03:52.800+0000 [id=97]	INFO	h.model.UpdateCenter$DownloadJob#run: Starting the installation of scm-api on behalf of admin
2021-12-20 08:03:53.456+0000 [id=97]	INFO	h.m.UpdateCenter$UpdateCenterConfiguration#download: Downloading scm-api
2021-12-20 08:03:53.672+0000 [id=97]	INFO	h.model.UpdateCenter$DownloadJob#run: Installation successful: scm-api
2021-12-20 08:03:53.672+0000 [id=97]	INFO	h.model.UpdateCenter$DownloadJob#run: Starting the installation of workflow-api on behalf of admin
2021-12-20 08:03:54.446+0000 [id=97]	INFO	h.m.UpdateCenter$UpdateCenterConfiguration#download: Downloading workflow-api
2021-12-20 08:03:54.577+0000 [id=97]	INFO	h.model.UpdateCenter$DownloadJob#run: Installation successful: workflow-api
2021-12-20 08:03:54.577+0000 [id=97]	INFO	h.model.UpdateCenter$DownloadJob#run: Starting the installation of timestamper on behalf of admin
2021-12-20 08:03:55.342+0000 [id=97]	INFO	h.m.UpdateCenter$UpdateCenterConfiguration#download: Downloading timestamper
2021-12-20 08:03:55.859+0000 [id=97]	INFO	h.model.UpdateCenter$DownloadJob#run: Installation successful: timestamper
2021-12-20 08:03:55.859+0000 [id=97]	INFO	h.model.UpdateCenter$DownloadJob#run: Starting the installation of caffeine-api on behalf of admin
2021-12-20 08:03:56.697+0000 [id=97]	INFO	h.m.UpdateCenter$UpdateCenterConfiguration#download: Downloading caffeine-api
2021-12-20 08:03:56.960+0000 [id=97]	INFO	h.model.UpdateCenter$DownloadJob#run: Installation successful: caffeine-api
2021-12-20 08:03:56.960+0000 [id=97]	INFO	h.model.UpdateCenter$DownloadJob#run: Starting the installation of script-security on behalf of admin
2021-12-20 08:03:57.717+0000 [id=97]	INFO	h.m.UpdateCenter$UpdateCenterConfiguration#download: Downloading script-security
2021-12-20 08:03:57.916+0000 [id=97]	INFO	h.model.UpdateCenter$DownloadJob#run: Installation successful: script-security
2021-12-20 08:03:57.916+0000 [id=97]	INFO	h.model.UpdateCenter$DownloadJob#run: Starting the installation of plugin-util-api on behalf of admin
2021-12-20 08:03:58.582+0000 [id=97]	INFO	h.m.UpdateCenter$UpdateCenterConfiguration#download: Downloading plugin-util-api
2021-12-20 08:03:58.881+0000 [id=97]	INFO	h.model.UpdateCenter$DownloadJob#run: Installation successful: plugin-util-api
2021-12-20 08:03:58.881+0000 [id=97]	INFO	h.model.UpdateCenter$DownloadJob#run: Starting the installation of font-awesome-api on behalf of admin
2021-12-20 08:03:59.536+0000 [id=97]	INFO	h.m.UpdateCenter$UpdateCenterConfiguration#download: Downloading font-awesome-api
2021-12-20 08:03:59.755+0000 [id=97]	INFO	h.model.UpdateCenter$DownloadJob#run: Installation successful: font-awesome-api
2021-12-20 08:03:59.755+0000 [id=97]	INFO	h.model.UpdateCenter$DownloadJob#run: Starting the installation of popper-api on behalf of admin
2021-12-20 08:04:00.439+0000 [id=97]	INFO	h.m.UpdateCenter$UpdateCenterConfiguration#download: Downloading popper-api
2021-12-20 08:04:00.640+0000 [id=97]	INFO	h.model.UpdateCenter$DownloadJob#run: Installation successful: popper-api
2021-12-20 08:04:00.640+0000 [id=97]	INFO	h.model.UpdateCenter$DownloadJob#run: Starting the installation of jquery3-api on behalf of admin
2021-12-20 08:04:01.427+0000 [id=97]	INFO	h.m.UpdateCenter$UpdateCenterConfiguration#download: Downloading jquery3-api
2021-12-20 08:04:01.590+0000 [id=97]	INFO	h.model.UpdateCenter$DownloadJob#run: Installation successful: jquery3-api
2021-12-20 08:04:01.590+0000 [id=97]	INFO	h.model.UpdateCenter$DownloadJob#run: Starting the installation of bootstrap4-api on behalf of admin
2021-12-20 08:04:02.391+0000 [id=97]	INFO	h.m.UpdateCenter$UpdateCenterConfiguration#download: Downloading bootstrap4-api
2021-12-20 08:04:02.593+0000 [id=97]	INFO	h.model.UpdateCenter$DownloadJob#run: Installation successful: bootstrap4-api
2021-12-20 08:04:02.593+0000 [id=97]	INFO	h.model.UpdateCenter$DownloadJob#run: Starting the installation of snakeyaml-api on behalf of admin
2021-12-20 08:04:03.362+0000 [id=97]	INFO	h.m.UpdateCenter$UpdateCenterConfiguration#download: Downloading snakeyaml-api
2021-12-20 08:04:03.615+0000 [id=97]	INFO	h.model.UpdateCenter$DownloadJob#run: Installation successful: snakeyaml-api
2021-12-20 08:04:03.615+0000 [id=97]	INFO	h.model.UpdateCenter$DownloadJob#run: Starting the installation of jackson2-api on behalf of admin
2021-12-20 08:04:04.432+0000 [id=97]	INFO	h.m.UpdateCenter$UpdateCenterConfiguration#download: Downloading jackson2-api
2021-12-20 08:04:05.867+0000 [id=97]	INFO	h.model.UpdateCenter$DownloadJob#run: Installation successful: jackson2-api
2021-12-20 08:04:05.867+0000 [id=97]	INFO	h.model.UpdateCenter$DownloadJob#run: Starting the installation of popper2-api on behalf of admin
2021-12-20 08:04:06.555+0000 [id=97]	INFO	h.m.UpdateCenter$UpdateCenterConfiguration#download: Downloading popper2-api
2021-12-20 08:04:06.801+0000 [id=97]	INFO	h.model.UpdateCenter$DownloadJob#run: Installation successful: popper2-api
2021-12-20 08:04:06.801+0000 [id=97]	INFO	h.model.UpdateCenter$DownloadJob#run: Starting the installation of bootstrap5-api on behalf of admin
2021-12-20 08:04:07.772+0000 [id=97]	INFO	h.m.UpdateCenter$UpdateCenterConfiguration#download: Downloading bootstrap5-api
2021-12-20 08:04:08.059+0000 [id=97]	INFO	h.model.UpdateCenter$DownloadJob#run: Installation successful: bootstrap5-api
2021-12-20 08:04:08.059+0000 [id=97]	INFO	h.model.UpdateCenter$DownloadJob#run: Starting the installation of echarts-api on behalf of admin
2021-12-20 08:04:08.928+0000 [id=97]	INFO	h.m.UpdateCenter$UpdateCenterConfiguration#download: Downloading echarts-api
2021-12-20 08:04:12.041+0000 [id=97]	INFO	h.model.UpdateCenter$DownloadJob#run: Installation successful: echarts-api
2021-12-20 08:04:12.041+0000 [id=97]	INFO	h.model.UpdateCenter$DownloadJob#run: Starting the installation of display-url-api on behalf of admin
2021-12-20 08:04:12.804+0000 [id=97]	INFO	h.m.UpdateCenter$UpdateCenterConfiguration#download: Downloading display-url-api
2021-12-20 08:04:12.905+0000 [id=97]	INFO	h.model.UpdateCenter$DownloadJob#run: Installation successful: display-url-api
2021-12-20 08:04:12.905+0000 [id=97]	INFO	h.model.UpdateCenter$DownloadJob#run: Starting the installation of workflow-support on behalf of admin
2021-12-20 08:04:13.674+0000 [id=97]	INFO	h.m.UpdateCenter$UpdateCenterConfiguration#download: Downloading workflow-support
2021-12-20 08:04:13.875+0000 [id=97]	INFO	h.model.UpdateCenter$DownloadJob#run: Installation successful: workflow-support
2021-12-20 08:04:13.875+0000 [id=97]	INFO	h.model.UpdateCenter$DownloadJob#run: Starting the installation of checks-api on behalf of admin
2021-12-20 08:04:14.676+0000 [id=97]	INFO	h.m.UpdateCenter$UpdateCenterConfiguration#download: Downloading checks-api
2021-12-20 08:04:14.792+0000 [id=97]	INFO	h.model.UpdateCenter$DownloadJob#run: Installation successful: checks-api
2021-12-20 08:04:14.792+0000 [id=97]	INFO	h.model.UpdateCenter$DownloadJob#run: Starting the installation of junit on behalf of admin
2021-12-20 08:04:15.525+0000 [id=97]	INFO	h.m.UpdateCenter$UpdateCenterConfiguration#download: Downloading junit
2021-12-20 08:04:15.763+0000 [id=97]	INFO	h.model.UpdateCenter$DownloadJob#run: Installation successful: junit
2021-12-20 08:04:15.763+0000 [id=97]	INFO	h.model.UpdateCenter$DownloadJob#run: Starting the installation of matrix-project on behalf of admin
2021-12-20 08:04:16.428+0000 [id=97]	INFO	h.m.UpdateCenter$UpdateCenterConfiguration#download: Downloading matrix-project
2021-12-20 08:04:16.646+0000 [id=97]	INFO	h.model.UpdateCenter$DownloadJob#run: Installation successful: matrix-project
2021-12-20 08:04:16.646+0000 [id=97]	INFO	h.model.UpdateCenter$DownloadJob#run: Starting the installation of resource-disposer on behalf of admin
2021-12-20 08:04:17.384+0000 [id=97]	INFO	h.m.UpdateCenter$UpdateCenterConfiguration#download: Downloading resource-disposer
2021-12-20 08:04:17.453+0000 [id=97]	INFO	h.model.UpdateCenter$DownloadJob#run: Installation successful: resource-disposer
2021-12-20 08:04:17.453+0000 [id=97]	INFO	h.model.UpdateCenter$DownloadJob#run: Starting the installation of ws-cleanup on behalf of admin
2021-12-20 08:04:18.171+0000 [id=97]	INFO	h.m.UpdateCenter$UpdateCenterConfiguration#download: Downloading ws-cleanup
2021-12-20 08:04:18.234+0000 [id=97]	INFO	h.model.UpdateCenter$DownloadJob#run: Installation successful: ws-cleanup
2021-12-20 08:04:18.234+0000 [id=97]	INFO	h.model.UpdateCenter$DownloadJob#run: Starting the installation of ant on behalf of admin
2021-12-20 08:04:19.089+0000 [id=97]	INFO	h.m.UpdateCenter$UpdateCenterConfiguration#download: Downloading ant
2021-12-20 08:04:19.221+0000 [id=97]	INFO	h.model.UpdateCenter$DownloadJob#run: Installation successful: ant
2021-12-20 08:04:19.221+0000 [id=97]	INFO	h.model.UpdateCenter$DownloadJob#run: Starting the installation of durable-task on behalf of admin
2021-12-20 08:04:19.891+0000 [id=97]	INFO	h.m.UpdateCenter$UpdateCenterConfiguration#download: Downloading durable-task
2021-12-20 08:04:21.623+0000 [id=97]	INFO	h.model.UpdateCenter$DownloadJob#run: Installation successful: durable-task
2021-12-20 08:04:21.623+0000 [id=97]	INFO	h.model.UpdateCenter$DownloadJob#run: Starting the installation of workflow-durable-task-step on behalf of admin
2021-12-20 08:04:22.510+0000 [id=97]	INFO	h.m.UpdateCenter$UpdateCenterConfiguration#download: Downloading workflow-durable-task-step
2021-12-20 08:04:22.680+0000 [id=97]	INFO	h.model.UpdateCenter$DownloadJob#run: Installation successful: workflow-durable-task-step
2021-12-20 08:04:22.680+0000 [id=97]	INFO	h.model.UpdateCenter$DownloadJob#run: Starting the installation of command-launcher on behalf of admin
2021-12-20 08:04:23.582+0000 [id=97]	INFO	h.m.UpdateCenter$UpdateCenterConfiguration#download: Downloading command-launcher
2021-12-20 08:04:23.629+0000 [id=97]	INFO	h.model.UpdateCenter$DownloadJob#run: Installation successful: command-launcher
2021-12-20 08:04:23.629+0000 [id=97]	INFO	h.model.UpdateCenter$DownloadJob#run: Starting the installation of jdk-tool on behalf of admin
2021-12-20 08:04:24.548+0000 [id=97]	INFO	h.m.UpdateCenter$UpdateCenterConfiguration#download: Downloading jdk-tool
2021-12-20 08:04:24.701+0000 [id=97]	INFO	h.model.UpdateCenter$DownloadJob#run: Installation successful: jdk-tool
2021-12-20 08:04:24.701+0000 [id=97]	INFO	h.model.UpdateCenter$DownloadJob#run: Starting the installation of bouncycastle-api on behalf of admin
2021-12-20 08:04:25.652+0000 [id=97]	INFO	h.m.UpdateCenter$UpdateCenterConfiguration#download: Downloading bouncycastle-api
2021-12-20 08:04:26.935+0000 [id=97]	INFO	h.model.UpdateCenter$DownloadJob#run: Installation successful: bouncycastle-api
2021-12-20 08:04:26.935+0000 [id=97]	INFO	h.model.UpdateCenter$DownloadJob#run: Starting the installation of ace-editor on behalf of admin
2021-12-20 08:04:27.610+0000 [id=97]	INFO	h.m.UpdateCenter$UpdateCenterConfiguration#download: Downloading ace-editor
2021-12-20 08:04:29.347+0000 [id=97]	INFO	h.model.UpdateCenter$DownloadJob#run: Installation successful: ace-editor
2021-12-20 08:04:29.347+0000 [id=97]	INFO	h.model.UpdateCenter$DownloadJob#run: Starting the installation of workflow-scm-step on behalf of admin
2021-12-20 08:04:30.250+0000 [id=97]	INFO	h.m.UpdateCenter$UpdateCenterConfiguration#download: Downloading workflow-scm-step
2021-12-20 08:04:30.287+0000 [id=97]	INFO	h.model.UpdateCenter$DownloadJob#run: Installation successful: workflow-scm-step
2021-12-20 08:04:30.287+0000 [id=97]	INFO	h.model.UpdateCenter$DownloadJob#run: Starting the installation of workflow-cps on behalf of admin
2021-12-20 08:04:31.105+0000 [id=97]	INFO	h.m.UpdateCenter$UpdateCenterConfiguration#download: Downloading workflow-cps
2021-12-20 08:04:31.490+0000 [id=97]	INFO	h.model.UpdateCenter$DownloadJob#run: Installation successful: workflow-cps
2021-12-20 08:04:31.490+0000 [id=97]	INFO	h.model.UpdateCenter$DownloadJob#run: Starting the installation of workflow-job on behalf of admin
2021-12-20 08:04:32.191+0000 [id=97]	INFO	h.m.UpdateCenter$UpdateCenterConfiguration#download: Downloading workflow-job
2021-12-20 08:04:32.307+0000 [id=97]	INFO	h.model.UpdateCenter$DownloadJob#run: Installation successful: workflow-job
2021-12-20 08:04:32.307+0000 [id=97]	INFO	h.model.UpdateCenter$DownloadJob#run: Starting the installation of apache-httpcomponents-client-4-api on behalf of admin
2021-12-20 08:04:33.081+0000 [id=97]	INFO	h.m.UpdateCenter$UpdateCenterConfiguration#download: Downloading apache-httpcomponents-client-4-api
2021-12-20 08:04:33.627+0000 [id=97]	INFO	h.model.UpdateCenter$DownloadJob#run: Installation successful: apache-httpcomponents-client-4-api
2021-12-20 08:04:33.627+0000 [id=97]	INFO	h.model.UpdateCenter$DownloadJob#run: Starting the installation of mailer on behalf of admin
2021-12-20 08:04:34.445+0000 [id=97]	INFO	h.m.UpdateCenter$UpdateCenterConfiguration#download: Downloading mailer
2021-12-20 08:04:34.661+0000 [id=97]	INFO	h.model.UpdateCenter$DownloadJob#run: Installation successful: mailer
2021-12-20 08:04:34.661+0000 [id=97]	INFO	h.model.UpdateCenter$DownloadJob#run: Starting the installation of workflow-basic-steps on behalf of admin
2021-12-20 08:04:35.464+0000 [id=97]	INFO	h.m.UpdateCenter$UpdateCenterConfiguration#download: Downloading workflow-basic-steps
2021-12-20 08:04:35.718+0000 [id=97]	INFO	h.model.UpdateCenter$DownloadJob#run: Installation successful: workflow-basic-steps
2021-12-20 08:04:35.718+0000 [id=97]	INFO	h.model.UpdateCenter$DownloadJob#run: Starting the installation of gradle on behalf of admin
2021-12-20 08:04:36.536+0000 [id=97]	INFO	h.m.UpdateCenter$UpdateCenterConfiguration#download: Downloading gradle
2021-12-20 08:04:36.783+0000 [id=97]	INFO	h.model.UpdateCenter$DownloadJob#run: Installation successful: gradle
2021-12-20 08:04:36.783+0000 [id=97]	INFO	h.model.UpdateCenter$DownloadJob#run: Starting the installation of pipeline-milestone-step on behalf of admin
2021-12-20 08:04:37.568+0000 [id=97]	INFO	h.m.UpdateCenter$UpdateCenterConfiguration#download: Downloading pipeline-milestone-step
2021-12-20 08:04:37.621+0000 [id=97]	INFO	h.model.UpdateCenter$DownloadJob#run: Installation successful: pipeline-milestone-step
2021-12-20 08:04:37.621+0000 [id=97]	INFO	h.model.UpdateCenter$DownloadJob#run: Starting the installation of pipeline-input-step on behalf of admin
2021-12-20 08:04:38.308+0000 [id=97]	INFO	h.m.UpdateCenter$UpdateCenterConfiguration#download: Downloading pipeline-input-step
2021-12-20 08:04:38.386+0000 [id=97]	INFO	h.model.UpdateCenter$DownloadJob#run: Installation successful: pipeline-input-step
2021-12-20 08:04:38.386+0000 [id=97]	INFO	h.model.UpdateCenter$DownloadJob#run: Starting the installation of pipeline-stage-step on behalf of admin
2021-12-20 08:04:39.116+0000 [id=97]	INFO	h.m.UpdateCenter$UpdateCenterConfiguration#download: Downloading pipeline-stage-step
2021-12-20 08:04:39.163+0000 [id=97]	INFO	h.model.UpdateCenter$DownloadJob#run: Installation successful: pipeline-stage-step
2021-12-20 08:04:39.163+0000 [id=97]	INFO	h.model.UpdateCenter$DownloadJob#run: Starting the installation of pipeline-graph-analysis on behalf of admin
2021-12-20 08:04:40.014+0000 [id=97]	INFO	h.m.UpdateCenter$UpdateCenterConfiguration#download: Downloading pipeline-graph-analysis
2021-12-20 08:04:40.057+0000 [id=97]	INFO	h.model.UpdateCenter$DownloadJob#run: Installation successful: pipeline-graph-analysis
2021-12-20 08:04:40.057+0000 [id=97]	INFO	h.model.UpdateCenter$DownloadJob#run: Starting the installation of pipeline-rest-api on behalf of admin
2021-12-20 08:04:40.993+0000 [id=97]	INFO	h.m.UpdateCenter$UpdateCenterConfiguration#download: Downloading pipeline-rest-api
2021-12-20 08:04:41.108+0000 [id=97]	INFO	h.model.UpdateCenter$DownloadJob#run: Installation successful: pipeline-rest-api
2021-12-20 08:04:41.108+0000 [id=97]	INFO	h.model.UpdateCenter$DownloadJob#run: Starting the installation of handlebars on behalf of admin
2021-12-20 08:04:41.879+0000 [id=97]	INFO	h.m.UpdateCenter$UpdateCenterConfiguration#download: Downloading handlebars
2021-12-20 08:04:42.196+0000 [id=97]	INFO	h.model.UpdateCenter$DownloadJob#run: Installation successful: handlebars
2021-12-20 08:04:42.196+0000 [id=97]	INFO	h.model.UpdateCenter$DownloadJob#run: Starting the installation of momentjs on behalf of admin
2021-12-20 08:04:43.050+0000 [id=97]	INFO	h.m.UpdateCenter$UpdateCenterConfiguration#download: Downloading momentjs
2021-12-20 08:04:43.112+0000 [id=97]	INFO	h.model.UpdateCenter$DownloadJob#run: Installation successful: momentjs
2021-12-20 08:04:43.112+0000 [id=97]	INFO	h.model.UpdateCenter$DownloadJob#run: Starting the installation of pipeline-stage-view on behalf of admin
2021-12-20 08:04:43.814+0000 [id=97]	INFO	h.m.UpdateCenter$UpdateCenterConfiguration#download: Downloading pipeline-stage-view
2021-12-20 08:04:43.967+0000 [id=97]	INFO	h.model.UpdateCenter$DownloadJob#run: Installation successful: pipeline-stage-view
2021-12-20 08:04:43.967+0000 [id=97]	INFO	h.model.UpdateCenter$DownloadJob#run: Starting the installation of pipeline-build-step on behalf of admin
2021-12-20 08:04:44.753+0000 [id=97]	INFO	h.m.UpdateCenter$UpdateCenterConfiguration#download: Downloading pipeline-build-step
2021-12-20 08:04:44.838+0000 [id=97]	INFO	h.model.UpdateCenter$DownloadJob#run: Installation successful: pipeline-build-step
2021-12-20 08:04:44.838+0000 [id=97]	INFO	h.model.UpdateCenter$DownloadJob#run: Starting the installation of pipeline-model-api on behalf of admin
2021-12-20 08:04:45.571+0000 [id=97]	INFO	h.m.UpdateCenter$UpdateCenterConfiguration#download: Downloading pipeline-model-api
2021-12-20 08:04:46.490+0000 [id=97]	INFO	h.model.UpdateCenter$DownloadJob#run: Installation successful: pipeline-model-api
2021-12-20 08:04:46.490+0000 [id=97]	INFO	h.model.UpdateCenter$DownloadJob#run: Starting the installation of pipeline-model-extensions on behalf of admin
2021-12-20 08:04:47.192+0000 [id=97]	INFO	h.m.UpdateCenter$UpdateCenterConfiguration#download: Downloading pipeline-model-extensions
2021-12-20 08:04:47.293+0000 [id=97]	INFO	h.model.UpdateCenter$DownloadJob#run: Installation successful: pipeline-model-extensions
2021-12-20 08:04:47.293+0000 [id=97]	INFO	h.model.UpdateCenter$DownloadJob#run: Starting the installation of jsch on behalf of admin
2021-12-20 08:04:48.010+0000 [id=97]	INFO	h.m.UpdateCenter$UpdateCenterConfiguration#download: Downloading jsch
2021-12-20 08:04:48.396+0000 [id=97]	INFO	h.model.UpdateCenter$DownloadJob#run: Installation successful: jsch
2021-12-20 08:04:48.396+0000 [id=97]	INFO	h.model.UpdateCenter$DownloadJob#run: Starting the installation of git-client on behalf of admin
2021-12-20 08:04:49.050+0000 [id=97]	INFO	h.m.UpdateCenter$UpdateCenterConfiguration#download: Downloading git-client
2021-12-20 08:04:51.371+0000 [id=97]	INFO	h.model.UpdateCenter$DownloadJob#run: Installation successful: git-client
2021-12-20 08:04:51.371+0000 [id=97]	INFO	h.model.UpdateCenter$DownloadJob#run: Starting the installation of git-server on behalf of admin
2021-12-20 08:04:52.205+0000 [id=97]	INFO	h.m.UpdateCenter$UpdateCenterConfiguration#download: Downloading git-server
2021-12-20 08:04:52.242+0000 [id=97]	INFO	h.model.UpdateCenter$DownloadJob#run: Installation successful: git-server
2021-12-20 08:04:52.242+0000 [id=97]	INFO	h.model.UpdateCenter$DownloadJob#run: Starting the installation of workflow-cps-global-lib on behalf of admin
2021-12-20 08:04:52.991+0000 [id=97]	INFO	h.m.UpdateCenter$UpdateCenterConfiguration#download: Downloading workflow-cps-global-lib
2021-12-20 08:04:54.124+0000 [id=97]	INFO	h.model.UpdateCenter$DownloadJob#run: Installation successful: workflow-cps-global-lib
2021-12-20 08:04:54.124+0000 [id=97]	INFO	h.model.UpdateCenter$DownloadJob#run: Starting the installation of branch-api on behalf of admin
2021-12-20 08:04:54.794+0000 [id=97]	INFO	h.m.UpdateCenter$UpdateCenterConfiguration#download: Downloading branch-api
2021-12-20 08:04:55.163+0000 [id=97]	INFO	h.model.UpdateCenter$DownloadJob#run: Installation successful: branch-api
2021-12-20 08:04:55.163+0000 [id=97]	INFO	h.model.UpdateCenter$DownloadJob#run: Starting the installation of workflow-multibranch on behalf of admin
2021-12-20 08:04:56.028+0000 [id=97]	INFO	h.m.UpdateCenter$UpdateCenterConfiguration#download: Downloading workflow-multibranch
2021-12-20 08:04:56.166+0000 [id=97]	INFO	h.model.UpdateCenter$DownloadJob#run: Installation successful: workflow-multibranch
2021-12-20 08:04:56.166+0000 [id=97]	INFO	h.model.UpdateCenter$DownloadJob#run: Starting the installation of pipeline-stage-tags-metadata on behalf of admin
2021-12-20 08:04:56.852+0000 [id=97]	INFO	h.m.UpdateCenter$UpdateCenterConfiguration#download: Downloading pipeline-stage-tags-metadata
2021-12-20 08:04:56.868+0000 [id=97]	INFO	h.model.UpdateCenter$DownloadJob#run: Installation successful: pipeline-stage-tags-metadata
2021-12-20 08:04:56.868+0000 [id=97]	INFO	h.model.UpdateCenter$DownloadJob#run: Starting the installation of pipeline-model-definition on behalf of admin
2021-12-20 08:04:57.616+0000 [id=97]	INFO	h.m.UpdateCenter$UpdateCenterConfiguration#download: Downloading pipeline-model-definition
2021-12-20 08:04:58.071+0000 [id=97]	INFO	h.model.UpdateCenter$DownloadJob#run: Installation successful: pipeline-model-definition
2021-12-20 08:04:58.071+0000 [id=97]	INFO	h.model.UpdateCenter$DownloadJob#run: Starting the installation of lockable-resources on behalf of admin
2021-12-20 08:04:58.804+0000 [id=97]	INFO	h.m.UpdateCenter$UpdateCenterConfiguration#download: Downloading lockable-resources
2021-12-20 08:04:58.935+0000 [id=97]	INFO	h.model.UpdateCenter$DownloadJob#run: Installation successful: lockable-resources
2021-12-20 08:04:58.935+0000 [id=97]	INFO	h.model.UpdateCenter$DownloadJob#run: Starting the installation of workflow-aggregator on behalf of admin
2021-12-20 08:04:59.590+0000 [id=97]	INFO	h.m.UpdateCenter$UpdateCenterConfiguration#download: Downloading workflow-aggregator
2021-12-20 08:04:59.621+0000 [id=97]	INFO	h.model.UpdateCenter$DownloadJob#run: Installation successful: workflow-aggregator
2021-12-20 08:04:59.621+0000 [id=97]	INFO	h.model.UpdateCenter$DownloadJob#run: Starting the installation of jjwt-api on behalf of admin
2021-12-20 08:05:00.293+0000 [id=97]	INFO	h.m.UpdateCenter$UpdateCenterConfiguration#download: Downloading jjwt-api
2021-12-20 08:05:00.419+0000 [id=97]	INFO	h.model.UpdateCenter$DownloadJob#run: Installation successful: jjwt-api
2021-12-20 08:05:00.419+0000 [id=97]	INFO	h.model.UpdateCenter$DownloadJob#run: Starting the installation of okhttp-api on behalf of admin
2021-12-20 08:05:01.178+0000 [id=97]	INFO	h.m.UpdateCenter$UpdateCenterConfiguration#download: Downloading okhttp-api
2021-12-20 08:05:02.745+0000 [id=97]	INFO	h.model.UpdateCenter$DownloadJob#run: Installation successful: okhttp-api
2021-12-20 08:05:02.745+0000 [id=97]	INFO	h.model.UpdateCenter$DownloadJob#run: Starting the installation of github-api on behalf of admin
2021-12-20 08:05:03.608+0000 [id=97]	INFO	h.m.UpdateCenter$UpdateCenterConfiguration#download: Downloading github-api
2021-12-20 08:05:04.150+0000 [id=97]	INFO	h.model.UpdateCenter$DownloadJob#run: Installation successful: github-api
2021-12-20 08:05:04.150+0000 [id=97]	INFO	h.model.UpdateCenter$DownloadJob#run: Starting the installation of git on behalf of admin
2021-12-20 08:05:04.905+0000 [id=97]	INFO	h.m.UpdateCenter$UpdateCenterConfiguration#download: Downloading git
2021-12-20 08:05:05.337+0000 [id=97]	INFO	h.model.UpdateCenter$DownloadJob#run: Installation successful: git
2021-12-20 08:05:05.337+0000 [id=97]	INFO	h.model.UpdateCenter$DownloadJob#run: Starting the installation of github on behalf of admin
2021-12-20 08:05:05.992+0000 [id=97]	INFO	h.m.UpdateCenter$UpdateCenterConfiguration#download: Downloading github
2021-12-20 08:05:06.477+0000 [id=97]	INFO	h.model.UpdateCenter$DownloadJob#run: Installation successful: github
2021-12-20 08:05:06.477+0000 [id=97]	INFO	h.model.UpdateCenter$DownloadJob#run: Starting the installation of github-branch-source on behalf of admin
2021-12-20 08:05:07.241+0000 [id=97]	INFO	h.m.UpdateCenter$UpdateCenterConfiguration#download: Downloading github-branch-source
2021-12-20 08:05:07.458+0000 [id=97]	INFO	h.model.UpdateCenter$DownloadJob#run: Installation successful: github-branch-source
2021-12-20 08:05:07.458+0000 [id=97]	INFO	h.model.UpdateCenter$DownloadJob#run: Starting the installation of pipeline-github-lib on behalf of admin
2021-12-20 08:05:08.260+0000 [id=97]	INFO	h.m.UpdateCenter$UpdateCenterConfiguration#download: Downloading pipeline-github-lib
2021-12-20 08:05:08.329+0000 [id=97]	INFO	h.model.UpdateCenter$DownloadJob#run: Installation successful: pipeline-github-lib
2021-12-20 08:05:08.329+0000 [id=97]	INFO	h.model.UpdateCenter$DownloadJob#run: Starting the installation of pipeline-stage-view on behalf of admin
2021-12-20 08:05:08.329+0000 [id=97]	INFO	h.m.UpdateCenter$InstallationJob#_run: Skipping duplicate install of: Pipeline: Stage View@2.19
2021-12-20 08:05:08.329+0000 [id=97]	INFO	h.model.UpdateCenter$DownloadJob#run: Installation successful: pipeline-stage-view
2021-12-20 08:05:08.329+0000 [id=97]	INFO	h.model.UpdateCenter$DownloadJob#run: Starting the installation of git on behalf of admin
2021-12-20 08:05:08.329+0000 [id=97]	INFO	h.m.UpdateCenter$InstallationJob#_run: Skipping duplicate install of: Git@4.10.1
2021-12-20 08:05:08.329+0000 [id=97]	INFO	h.model.UpdateCenter$DownloadJob#run: Installation successful: git
2021-12-20 08:05:08.329+0000 [id=97]	INFO	h.model.UpdateCenter$DownloadJob#run: Starting the installation of ssh-slaves on behalf of admin
2021-12-20 08:05:09.098+0000 [id=97]	INFO	h.m.UpdateCenter$UpdateCenterConfiguration#download: Downloading ssh-slaves
2021-12-20 08:05:09.214+0000 [id=97]	INFO	h.model.UpdateCenter$DownloadJob#run: Installation successful: ssh-slaves
2021-12-20 08:05:09.214+0000 [id=97]	INFO	h.model.UpdateCenter$DownloadJob#run: Starting the installation of matrix-auth on behalf of admin
2021-12-20 08:05:09.863+0000 [id=97]	INFO	h.m.UpdateCenter$UpdateCenterConfiguration#download: Downloading matrix-auth
2021-12-20 08:05:10.064+0000 [id=97]	INFO	h.model.UpdateCenter$DownloadJob#run: Installation successful: matrix-auth
2021-12-20 08:05:10.064+0000 [id=97]	INFO	h.model.UpdateCenter$DownloadJob#run: Starting the installation of pam-auth on behalf of admin
2021-12-20 08:05:10.734+0000 [id=97]	INFO	h.m.UpdateCenter$UpdateCenterConfiguration#download: Downloading pam-auth
2021-12-20 08:05:11.468+0000 [id=97]	INFO	h.model.UpdateCenter$DownloadJob#run: Installation successful: pam-auth
2021-12-20 08:05:11.468+0000 [id=97]	INFO	h.model.UpdateCenter$DownloadJob#run: Starting the installation of ldap on behalf of admin
2021-12-20 08:05:12.391+0000 [id=97]	INFO	h.m.UpdateCenter$UpdateCenterConfiguration#download: Downloading ldap
2021-12-20 08:05:13.208+0000 [id=97]	INFO	h.model.UpdateCenter$DownloadJob#run: Installation successful: ldap
2021-12-20 08:05:13.208+0000 [id=97]	INFO	h.model.UpdateCenter$DownloadJob#run: Starting the installation of email-ext on behalf of admin
2021-12-20 08:05:14.087+0000 [id=97]	INFO	h.m.UpdateCenter$UpdateCenterConfiguration#download: Downloading email-ext
2021-12-20 08:05:14.591+0000 [id=97]	INFO	h.model.UpdateCenter$DownloadJob#run: Installation successful: email-ext
2021-12-20 08:05:14.591+0000 [id=97]	INFO	h.model.UpdateCenter$DownloadJob#run: Starting the installation of mailer on behalf of admin
2021-12-20 08:05:14.591+0000 [id=97]	INFO	h.m.UpdateCenter$InstallationJob#_run: Skipping duplicate install of: Mailer@1.34
2021-12-20 08:05:14.591+0000 [id=97]	INFO	h.model.UpdateCenter$DownloadJob#run: Installation successful: mailer
2021-12-20 08:05:14.591+0000 [id=97]	INFO	h.m.UpdateCenter$CompleteBatchJob#run: Completing installing of plugin batch…
2021-12-20 08:05:17.770+0000 [id=97]	INFO	h.m.DownloadService$Downloadable#load: Obtained the updated data file for hudson.tasks.Ant.AntInstaller
2021-12-20 08:05:18.107+0000 [id=97]	INFO	h.m.DownloadService$Downloadable#load: Obtained the updated data file for hudson.plugins.gradle.GradleInstaller
2021-12-20 08:05:19.510+0000 [id=97]	INFO	h.m.DownloadService$Downloadable#load: Obtained the updated data file for hudson.tools.JDKInstaller
2021-12-20 08:05:19.588+0000 [id=276]	INFO	jenkins.InitReactorRunner$1#onAttained: Started initialization
2021-12-20 08:05:19.588+0000 [id=287]	INFO	jenkins.InitReactorRunner$1#onAttained: Listed all plugins
2021-12-20 08:05:19.588+0000 [id=292]	INFO	jenkins.InitReactorRunner$1#onAttained: Prepared all plugins
2021-12-20 08:05:19.588+0000 [id=298]	INFO	jenkins.InitReactorRunner$1#onAttained: Started all plugins
2021-12-20 08:05:19.611+0000 [id=284]	INFO	jenkins.InitReactorRunner$1#onAttained: Augmented all extensions
2021-12-20 08:05:19.611+0000 [id=292]	INFO	jenkins.InitReactorRunner$1#onAttained: System config loaded
2021-12-20 08:05:19.611+0000 [id=277]	INFO	jenkins.InitReactorRunner$1#onAttained: System config adapted
2021-12-20 08:05:19.642+0000 [id=284]	INFO	jenkins.InitReactorRunner$1#onAttained: Loaded all jobs
2021-12-20 08:05:19.642+0000 [id=297]	INFO	jenkins.InitReactorRunner$1#onAttained: Configuration for all jobs updated
2021-12-20 08:05:19.985+0000 [id=294]	INFO	jenkins.InitReactorRunner$1#onAttained: Completed initialization
2021-12-20 08:05:19.993+0000 [id=97]	INFO	h.m.UpdateCenter$CompleteBatchJob#run: Completed installation of 81 plugins in 1 mn 41 s
